Время операции:15:43:49 23.03.2021: Файл fileOperatiosLogs.log успешно создан
Время операции: 15:43:49 23.03.2021,
 Id операции: Bn@Operation#0002,
 карта списания: 1111111111111112,
 карта зачисления: 2222222222222222,
 сумма перевода: 23.00,
 валюта перевода: RUR,
 комиссия в валюте перевода: 0.23,
 остаток на карте списания, руб.: 321.92
Время операции: 15:43:49 23.03.2021,
 Id операции: Bn@Operation#0003,
 карта списания: 1111111111111113,
 карта зачисления: 3333333333333333,
 сумма перевода: 5000000.00,
 валюта перевода: RUR,
 комиссия в валюте перевода: 50000.00,
 остаток на карте списания, руб.: 198295111.15
Время операции: 12:50:44 24.03.2021,
 Id операции: Bn@Operation#0001,
 карта списания: 1111111111111111,
 карта зачисления: 2222222222222222,
 сумма перевода: 44444.00,
 валюта перевода: RUR,
 комиссия в валюте перевода: 444.44,
 остаток на карте списания, руб.: 158456.71
Время операции: 12:50:44 24.03.2021,
 Id операции: Bn@Operation#0004,
 карта списания: 1111111111111112,
 карта зачисления: 2222222222222222,
 сумма перевода: 33.00,
 валюта перевода: RUR,
 комиссия в валюте перевода: 0.33,
 остаток на карте списания, руб.: 311.82
Время операции: 12:50:44 24.03.2021,
 Id операции: Bn@Operation#0005,
 карта списания: 1111111111111113,
 карта зачисления: 2222222222222222,
 сумма перевода: 18000000.00,
 валюта перевода: RUR,
 комиссия в валюте перевода: 180000.00,
 остаток на карте списания, руб.: 185165111.15
Время операции: 13:06:33 24.03.2021,
 Id операции: Bn@Operation#0001,
 карта списания: 1111111111111113,
 карта зачисления: 1111111112222222,
 сумма перевода: 19000000.00,
 валюта перевода: RUR,
 комиссия в валюте перевода: 190000.00,
 остаток на карте списания, руб.: 184155111.15
Время операции: 13:11:11 24.03.2021,
 Id операции: Bn@Operation#0001,
 карта списания: 1111111111111112,
 карта зачисления: 1111111122222222,
 сумма перевода: 203.00,
 валюта перевода: RUR,
 комиссия в валюте перевода: 2.03,
 остаток на карте списания, руб.: 140.12

Время операции: 12:41:03 25.03.2021,
 Id операции: Bn@Operation#0003,
 карта списания: 1111111111111111,
 карта зачисления: 1111111111222111,
 сумма перевода: 30000.00,
 валюта перевода: RUR,
 комиссия в валюте перевода: 300.00,
 остаток на карте списания, руб.: 173045.15

Время операции: 18:04:23 25.03.2021,
 Id операции: Bn@Operation#0001,
 карта списания: 1111111111111111,
 карта зачисления: 2222222222222222,
 сумма перевода: 30000.00,
 валюта перевода: RUR,
 комиссия в валюте перевода: 300.00,
 остаток на карте списания, руб.: 173045.15

Время операции: 18:04:23 25.03.2021,
 Id операции: Bn@Operation#0001,
 карта списания: 1111111111111111,
 карта зачисления: 2222222222222222,
 сумма перевода: 30000.00,
 валюта перевода: RUR,
 комиссия в валюте перевода: 300.00,
 остаток на карте списания, руб.: 173045.15

Время операции: 18:09:15 25.03.2021,
 Id операции: Bn@Operation#0001,
 карта списания: 1111111111111111,
 карта зачисления: 2222222222222222,
 сумма перевода: 30000.00,
 валюта перевода: RUR,
 комиссия в валюте перевода: 300.00,
 остаток на карте списания, руб.: 173045.15

Время операции: 18:09:15 25.03.2021,
 Id операции: Bn@Operation#0001,
 карта списания: 1111111111111111,
 карта зачисления: 2222222222222222,
 сумма перевода: 30000.00,
 валюта перевода: RUR,
 комиссия в валюте перевода: 300.00,
 остаток на карте списания, руб.: 173045.15

Время операции: 18:11:35 25.03.2021,
 Id операции: Bn@Operation#0001,
 карта списания: 1111111111111111,
 карта зачисления: 1111111111222222,
 сумма перевода: 30000.00,
 валюта перевода: RUR,
 комиссия в валюте перевода: 300.00,
 остаток на карте списания, руб.: 173045.15

Время операции: 18:21:34 25.03.2021,
 Id операции: Bn@Operation#0001,
 карта списания: 1111111111111111,
 карта зачисления: 1111122222222222,
 сумма перевода: 30000.00,
 валюта перевода: RUR,
 комиссия в валюте перевода: 300.00,
 остаток на карте списания, руб.: 173045.15

Время транзакции: 18:27:44 25.03.2021,
 Id транзакции: Bn@Operation#0001,
 карта списания: 1111111111111111,
 карта зачисления: 3222222333444333,
 сумма перевода: 34333.00,
 валюта перевода: RUR,
 комиссия в валюте перевода: 343.33,
 остаток на карте списания, руб.: 168668.82

Время транзакции: 18:29:48 25.03.2021,
 Id транзакции: Bn@Operation#0004,
 карта списания: 1111111111111113,
 карта зачисления: 1222233222233434,
 сумма перевода: 2000000.00,
 валюта перевода: RUR,
 комиссия в валюте перевода: 20000.00,
 остаток на карте списания, руб.: 201325111.15

Время транзакции: 19:18:34 25.03.2021,
 Id транзакции: Bn@Operation#0002,
 карта списания: 1111111111111111,
 карта зачисления: 2222222222222222,
 сумма перевода: 22202.00,
 валюта перевода: RUR,
 комиссия в валюте перевода: 222.02,
 остаток на карте списания, руб.: 180921.13

Время транзакции: 13:25:20 26.03.2021,
 Id транзакции: Bn@Operation#0001,
 карта списания: 1111111111111111,
 карта зачисления: 2222222222222222,
 сумма перевода: 2222.00,
 валюта перевода: RUR,
 комиссия в валюте перевода: 22.22,
 остаток на карте списания, руб.: 201100.93

Время транзакции: 14:01:14 26.03.2021,
 Id транзакции: Bn@Operation#0001,
 карта списания: 1111111111111111,
 карта зачисления: 1122222222222222,
 сумма перевода: 33333.00,
 валюта перевода: RUR,
 комиссия в валюте перевода: 333.33,
 остаток на карте списания, руб.: 169678.82

Время транзакции: 15:39:38 26.03.2021,
 Id транзакции: Bn@Operation#0002,
 карта списания: 1111111111111111,
 карта зачисления: 3333333333333333,
 сумма перевода: 55555.00,
 валюта перевода: RUR,
 комиссия в валюте перевода: 555.55,
 остаток на карте списания, руб.: 147234.60

Время транзакции: 10:40:09 27.03.2021,
 Id транзакции: Bn@Operation#0002,
 карта списания: 1111111111111111,
 карта зачисления: 2222222222222222,
 сумма перевода: 22222.00,
 валюта перевода: RUR,
 комиссия в валюте перевода: 222.22,
 остаток на карте списания, руб.: 180900.93

Время транзакции: 13:41:45 28.03.2021,
 Id транзакции: Bn@Operation#0002,
 карта списания: 1111111111111111,
 карта зачисления: 2222222222222222,
 сумма перевода: 33222.00,
 валюта перевода: RUR,
 комиссия в валюте перевода: 332.22,
 остаток на карте списания, руб.: 169790.93

Время транзакции: 14:05:22 28.03.2021,
 Id транзакции: Bn@Operation#0001,
 карта списания: 1111111111111111,
 карта зачисления: 2222222222222222,
 сумма перевода: 33333.00,
 валюта перевода: RUR,
 комиссия в валюте перевода: 333.33,
 остаток на карте списания, руб.: 169678.82

Время транзакции: 15:53:34 28.03.2021,
 Id транзакции: Bn@Operation#0002,
 карта списания: 1111111111111111,
 карта зачисления: 1222112222222222,
 сумма перевода: 33333.00,
 валюта перевода: RUR,
 комиссия в валюте перевода: 333.33,
 остаток на карте списания, руб.: 169678.82

Время транзакции: 16:45:35 28.03.2021,
 Id транзакции: Bn@Operation#0001,
 карта списания: 1111111111111111,
 карта зачисления: 2222222222222223,
 сумма перевода: 33333.00,
 валюта перевода: RUR,
 комиссия в валюте перевода: 333.33,
 остаток на карте списания, руб.: 169678.82

Время транзакции: 17:02:08 28.03.2021,
 Id транзакции: Bn@Operation#0001,
 карта списания: 1111111111111111,
 карта зачисления: 2222222222222222,
 сумма перевода: 3330.00,
 валюта перевода: RUR,
 комиссия в валюте перевода: 33.30,
 остаток на карте списания, руб.: 199981.85

Время транзакции: 19:15:54 28.03.2021,
 Id транзакции: Bn@Operation#0002,
 карта списания: 1111111111111111,
 карта зачисления: 2222222222332222,
 сумма перевода: 33333.00,
 валюта перевода: RUR,
 комиссия в валюте перевода: 333.33,
 остаток на карте списания, руб.: 169678.82

Время транзакции: 22:14:57 28.03.2021,
 Id транзакции: Bn@Operation#0001,
 карта списания: 1111111111111111,
 карта зачисления: 2222222222222222,
 сумма перевода: 44444.00,
 валюта перевода: RUR,
 комиссия в валюте перевода: 444.44,
 остаток на карте списания, руб.: 158456.71

Время транзакции: 10:40:08 29.03.2021,
 Id транзакции: Bn@Operation#0001,
 карта списания: 1111111111111111,
 карта зачисления: 2222222222222222,
 сумма перевода: 2222.00,
 валюта перевода: RUR,
 комиссия в валюте перевода: 22.22,
 остаток на карте списания, руб.: 201100.93

Время транзакции: 10:40:08 29.03.2021,
 Id транзакции: Bn@Operation#0002,
 карта списания: 1111111111111113,
 карта зачисления: 1111111111111111,
 сумма перевода: 2000000.00,
 валюта перевода: RUR,
 комиссия в валюте перевода: 20000.00,
 остаток на карте списания, руб.: 201325111.15

Время транзакции: 10:40:08 29.03.2021,
 Id транзакции: Bn@Operation#0003,
 карта списания: 1111111111111111,
 карта зачисления: 1111111111111112,
 сумма перевода: 2000000.00,
 валюта перевода: RUR,
 комиссия в валюте перевода: 20000.00,
 остаток на карте списания, руб.: 181100.93

Время транзакции: 10:40:08 29.03.2021,
 Id транзакции: Bn@Operation#0004,
 карта списания: 1111111111111112,
 карта зачисления: 1111111111111113,
 сумма перевода: 1500000.00,
 валюта перевода: RUR,
 комиссия в валюте перевода: 15000.00,
 остаток на карте списания, руб.: 485345.15

Время транзакции: 10:45:42 29.03.2021,
 Id транзакции: Bn@Operation#0001,
 карта списания: 1111111111111111,
 карта зачисления: 2222222222222222,
 сумма перевода: 33333.00,
 валюта перевода: RUR,
 комиссия в валюте перевода: 333.33,
 остаток на карте списания, руб.: 169678.82
